# JRE version: Java(TM) SE Runtime Environment (17.0.12+8) (build 17.0.12+8-LTS-286)
# Java VM: Java HotSpot(TM) 64-Bit Server VM (17.0.12+8-LTS-286, mixed mode, sharing, tiered, compressed oops, compressed class ptrs, parallel gc, windows-amd64)
GC Precious Log:
 CPUs: 12 total, 12 available
 Memory: 7829M
 Large Page Support: Disabled
 NUMA Support: Disabled
 Compressed Oops: Enabled (Zero based)
 Alignments: Space 512K, Generation 512K, Heap 2M
 Heap Min Capacity: 8M
 Heap Initial Capacity: 124M
 Heap Max Capacity: 4G
 Pre-touch: Disabled
 Parallel Workers: 10
Heap:
 PSYoungGen      total 1256960K, used 895781K [0x00000007aab00000, 0x0000000800000000, 0x0000000800000000)
  eden space 1119232K, 78% used [0x00000007aab00000,0x00000007e0a774c8,0x00000007ef000000)
  from space 137728K, 8% used [0x00000007ef000000,0x00000007efb522c8,0x00000007f7680000)
  to   space 137216K, 0% used [0x00000007f7a00000,0x00000007f7a00000,0x0000000800000000)
 ParOldGen       total 622592K, used 519424K [0x0000000700000000, 0x0000000726000000, 0x00000007aab00000)
  object space 622592K, 83% used [0x0000000700000000,0x000000071fb40030,0x0000000726000000)
 Metaspace       used 185311K, committed 187392K, reserved 1048576K
  class space    used 24694K, committed 25664K, reserved 851968K
GC Heap History (20 events):
Event: 173.401 GC heap before
{Heap before GC invocations=81 (full 8):
 PSYoungGen      total 1120768K, used 1120730K [0x00000007aab00000, 0x0000000800000000, 0x0000000800000000)
  eden space 1110016K, 100% used [0x00000007aab00000,0x00000007ee700000,0x00000007ee700000)
  from space 10752K, 99% used [0x00000007ee700000,0x00000007ef176a48,0x00000007ef180000)
  to   space 145408K, 0% used [0x00000007f7200000,0x00000007f7200000,0x0000000800000000)
 ParOldGen       total 622592K, used 426591K [0x0000000700000000, 0x0000000726000000, 0x00000007aab00000)
  object space 622592K, 68% used [0x0000000700000000,0x000000071a097f70,0x0000000726000000)
 Metaspace       used 183557K, committed 186496K, reserved 1048576K
  class space    used 24488K, committed 25600K, reserved 851968K
}
Event: 173.456 GC heap after
{Heap after GC invocations=81 (full 8):
 PSYoungGen      total 1255936K, used 33817K [0x00000007aab00000, 0x0000000800000000, 0x0000000800000000)
  eden space 1110528K, 0% used [0x00000007aab00000,0x00000007aab00000,0x00000007ee780000)
  from space 145408K, 23% used [0x00000007f7200000,0x00000007f93064a8,0x0000000800000000)
  to   space 141824K, 0% used [0x00000007ee780000,0x00000007ee780000,0x00000007f7200000)
 ParOldGen       total 622592K, used 426591K [0x0000000700000000, 0x0000000726000000, 0x00000007aab00000)
  object space 622592K, 68% used [0x0000000700000000,0x000000071a097f70,0x0000000726000000)
 Metaspace       used 183557K, committed 186496K, reserved 1048576K
  class space    used 24488K, committed 25600K, reserved 851968K
}
Event: 174.786 GC heap before
{Heap before GC invocations=82 (full 8):
 PSYoungGen      total 1255936K, used 1144345K [0x00000007aab00000, 0x0000000800000000, 0x0000000800000000)
  eden space 1110528K, 100% used [0x00000007aab00000,0x00000007ee780000,0x00000007ee780000)
  from space 145408K, 23% used [0x00000007f7200000,0x00000007f93064a8,0x0000000800000000)
  to   space 141824K, 0% used [0x00000007ee780000,0x00000007ee780000,0x00000007f7200000)
 ParOldGen       total 622592K, used 426591K [0x0000000700000000, 0x0000000726000000, 0x00000007aab00000)
  object space 622592K, 68% used [0x0000000700000000,0x000000071a097f70,0x0000000726000000)
 Metaspace       used 183570K, committed 186496K, reserved 1048576K
  class space    used 24492K, committed 25600K, reserved 851968K
}
Event: 174.820 GC heap after
{Heap after GC invocations=82 (full 8):
 PSYoungGen      total 1155072K, used 44240K [0x00000007aab00000, 0x00000007ff280000, 0x0000000800000000)
  eden space 1110528K, 0% used [0x00000007aab00000,0x00000007aab00000,0x00000007ee780000)
  from space 44544K, 99% used [0x00000007ee780000,0x00000007f12b4028,0x00000007f1300000)
  to   space 136704K, 0% used [0x00000007f6d00000,0x00000007f6d00000,0x00000007ff280000)
 ParOldGen       total 622592K, used 426599K [0x0000000700000000, 0x0000000726000000, 0x00000007aab00000)
  object space 622592K, 68% used [0x0000000700000000,0x000000071a099f70,0x0000000726000000)
 Metaspace       used 183570K, committed 186496K, reserved 1048576K
  class space    used 24492K, committed 25600K, reserved 851968K
}
Event: 175.620 GC heap before
{Heap before GC invocations=83 (full 8):
 PSYoungGen      total 1155072K, used 1154768K [0x00000007aab00000, 0x00000007ff280000, 0x0000000800000000)
  eden space 1110528K, 100% used [0x00000007aab00000,0x00000007ee780000,0x00000007ee780000)
  from space 44544K, 99% used [0x00000007ee780000,0x00000007f12b4028,0x00000007f1300000)
  to   space 136704K, 0% used [0x00000007f6d00000,0x00000007f6d00000,0x00000007ff280000)
 ParOldGen       total 622592K, used 426599K [0x0000000700000000, 0x0000000726000000, 0x00000007aab00000)
  object space 622592K, 68% used [0x0000000700000000,0x000000071a099f70,0x0000000726000000)
 Metaspace       used 183629K, committed 186496K, reserved 1048576K
  class space    used 24492K, committed 25600K, reserved 851968K
}
Event: 175.649 GC heap after
{Heap after GC invocations=83 (full 8):
 PSYoungGen      total 1252864K, used 44896K [0x00000007aab00000, 0x0000000800000000, 0x0000000800000000)
  eden space 1116160K, 0% used [0x00000007aab00000,0x00000007aab00000,0x00000007eed00000)
  from space 136704K, 32% used [0x00000007f6d00000,0x00000007f98d82d0,0x00000007ff280000)
  to   space 131072K, 0% used [0x00000007eed00000,0x00000007eed00000,0x00000007f6d00000)
 ParOldGen       total 622592K, used 426599K [0x0000000700000000, 0x0000000726000000, 0x00000007aab00000)
  object space 622592K, 68% used [0x0000000700000000,0x000000071a099f70,0x0000000726000000)
 Metaspace       used 183629K, committed 186496K, reserved 1048576K
  class space    used 24492K, committed 25600K, reserved 851968K
}
Event: 176.422 GC heap before
{Heap before GC invocations=84 (full 8):
 PSYoungGen      total 1252864K, used 1161056K [0x00000007aab00000, 0x0000000800000000, 0x0000000800000000)
  eden space 1116160K, 100% used [0x00000007aab00000,0x00000007eed00000,0x00000007eed00000)
  from space 136704K, 32% used [0x00000007f6d00000,0x00000007f98d82d0,0x00000007ff280000)
  to   space 131072K, 0% used [0x00000007eed00000,0x00000007eed00000,0x00000007f6d00000)
 ParOldGen       total 622592K, used 426599K [0x0000000700000000, 0x0000000726000000, 0x00000007aab00000)
  object space 622592K, 68% used [0x0000000700000000,0x000000071a099f88,0x0000000726000000)
 Metaspace       used 183769K, committed 186560K, reserved 1048576K
  class space    used 24495K, committed 25600K, reserved 851968K
}
Event: 176.498 GC heap after
{Heap after GC invocations=84 (full 8):
 PSYoungGen      total 1247232K, used 74879K [0x00000007aab00000, 0x0000000800000000, 0x0000000800000000)
  eden space 1116160K, 0% used [0x00000007aab00000,0x00000007aab00000,0x00000007eed00000)
  from space 131072K, 57% used [0x00000007eed00000,0x00000007f361ff50,0x00000007f6d00000)
  to   space 130048K, 0% used [0x00000007f8100000,0x00000007f8100000,0x0000000800000000)
 ParOldGen       total 622592K, used 426599K [0x0000000700000000, 0x0000000726000000, 0x00000007aab00000)
  object space 622592K, 68% used [0x0000000700000000,0x000000071a099f88,0x0000000726000000)
 Metaspace       used 183769K, committed 186560K, reserved 1048576K
  class space    used 24495K, committed 25600K, reserved 851968K
}
Event: 177.997 GC heap before
{Heap before GC invocations=85 (full 8):
 PSYoungGen      total 1247232K, used 1191039K [0x00000007aab00000, 0x0000000800000000, 0x0000000800000000)
  eden space 1116160K, 100% used [0x00000007aab00000,0x00000007eed00000,0x00000007eed00000)
  from space 131072K, 57% used [0x00000007eed00000,0x00000007f361ff50,0x00000007f6d00000)
  to   space 130048K, 0% used [0x00000007f8100000,0x00000007f8100000,0x0000000800000000)
 ParOldGen       total 622592K, used 426603K [0x0000000700000000, 0x0000000726000000, 0x00000007aab00000)
  object space 622592K, 68% used [0x0000000700000000,0x000000071a09af20,0x0000000726000000)
 Metaspace       used 183834K, committed 186560K, reserved 1048576K
  class space    used 24500K, committed 25600K, reserved 851968K
}
Event: 178.209 GC heap after
{Heap after GC invocations=85 (full 8):
 PSYoungGen      total 1248256K, used 104075K [0x00000007aab00000, 0x0000000800000000, 0x0000000800000000)
  eden space 1118208K, 0% used [0x00000007aab00000,0x00000007aab00000,0x00000007eef00000)
  from space 130048K, 80% used [0x00000007f8100000,0x00000007fe6a2e28,0x0000000800000000)
  to   space 139776K, 0% used [0x00000007eef00000,0x00000007eef00000,0x00000007f7780000)
 ParOldGen       total 622592K, used 432801K [0x0000000700000000, 0x0000000726000000, 0x00000007aab00000)
  object space 622592K, 69% used [0x0000000700000000,0x000000071a6a8500,0x0000000726000000)
 Metaspace       used 183834K, committed 186560K, reserved 1048576K
  class space    used 24500K, committed 25600K, reserved 851968K
}
Event: 180.333 GC heap before
{Heap before GC invocations=86 (full 8):
 PSYoungGen      total 1248256K, used 1222283K [0x00000007aab00000, 0x0000000800000000, 0x0000000800000000)
  eden space 1118208K, 100% used [0x00000007aab00000,0x00000007eef00000,0x00000007eef00000)
  from space 130048K, 80% used [0x00000007f8100000,0x00000007fe6a2e28,0x0000000800000000)
  to   space 139776K, 0% used [0x00000007eef00000,0x00000007eef00000,0x00000007f7780000)
 ParOldGen       total 622592K, used 432801K [0x0000000700000000, 0x0000000726000000, 0x00000007aab00000)
  object space 622592K, 69% used [0x0000000700000000,0x000000071a6a8500,0x0000000726000000)
 Metaspace       used 183855K, committed 186624K, reserved 1048576K
  class space    used 24503K, committed 25600K, reserved 851968K
}
Event: 180.425 GC heap after
{Heap after GC invocations=86 (full 8):
 PSYoungGen      total 1206272K, used 87727K [0x00000007aab00000, 0x0000000800000000, 0x0000000800000000)
  eden space 1118208K, 0% used [0x00000007aab00000,0x00000007aab00000,0x00000007eef00000)
  from space 88064K, 99% used [0x00000007eef00000,0x00000007f44abef0,0x00000007f4500000)
  to   space 141312K, 0% used [0x00000007f7600000,0x00000007f7600000,0x0000000800000000)
 ParOldGen       total 622592K, used 437309K [0x0000000700000000, 0x0000000726000000, 0x00000007aab00000)
  object space 622592K, 70% used [0x0000000700000000,0x000000071ab0f770,0x0000000726000000)
 Metaspace       used 183855K, committed 186624K, reserved 1048576K
  class space    used 24503K, committed 25600K, reserved 851968K
}
Event: 182.712 GC heap before
{Heap before GC invocations=87 (full 8):
 PSYoungGen      total 1206272K, used 1205935K [0x00000007aab00000, 0x0000000800000000, 0x0000000800000000)
  eden space 1118208K, 100% used [0x00000007aab00000,0x00000007eef00000,0x00000007eef00000)
  from space 88064K, 99% used [0x00000007eef00000,0x00000007f44abef0,0x00000007f4500000)
  to   space 141312K, 0% used [0x00000007f7600000,0x00000007f7600000,0x0000000800000000)
 ParOldGen       total 622592K, used 437309K [0x0000000700000000, 0x0000000726000000, 0x00000007aab00000)
  object space 622592K, 70% used [0x0000000700000000,0x000000071ab0f770,0x0000000726000000)
 Metaspace       used 183878K, committed 186624K, reserved 1048576K
  class space    used 24504K, committed 25600K, reserved 851968K
}
Event: 182.810 GC heap after
{Heap after GC invocations=87 (full 8):
 PSYoungGen      total 1262592K, used 69810K [0x00000007aab00000, 0x0000000800000000, 0x0000000800000000)
  eden space 1121280K, 0% used [0x00000007aab00000,0x00000007aab00000,0x00000007ef200000)
  from space 141312K, 49% used [0x00000007f7600000,0x00000007fba2c8a8,0x0000000800000000)
  to   space 135168K, 0% used [0x00000007ef200000,0x00000007ef200000,0x00000007f7600000)
 ParOldGen       total 622592K, used 454056K [0x0000000700000000, 0x0000000726000000, 0x00000007aab00000)
  object space 622592K, 72% used [0x0000000700000000,0x000000071bb6a190,0x0000000726000000)
 Metaspace       used 183878K, committed 186624K, reserved 1048576K
  class space    used 24504K, committed 25600K, reserved 851968K
}
Event: 191.892 GC heap before
{Heap before GC invocations=88 (full 8):
 PSYoungGen      total 1262592K, used 1191090K [0x00000007aab00000, 0x0000000800000000, 0x0000000800000000)
  eden space 1121280K, 100% used [0x00000007aab00000,0x00000007ef200000,0x00000007ef200000)
  from space 141312K, 49% used [0x00000007f7600000,0x00000007fba2c8a8,0x0000000800000000)
  to   space 135168K, 0% used [0x00000007ef200000,0x00000007ef200000,0x00000007f7600000)
 ParOldGen       total 622592K, used 454056K [0x0000000700000000, 0x0000000726000000, 0x00000007aab00000)
  object space 622592K, 72% used [0x0000000700000000,0x000000071bb6a190,0x0000000726000000)
 Metaspace       used 183900K, committed 186624K, reserved 1048576K
  class space    used 24507K, committed 25600K, reserved 851968K
}
Event: 192.075 GC heap after
{Heap after GC invocations=88 (full 8):
 PSYoungGen      total 1256448K, used 23796K [0x00000007aab00000, 0x00000007ffb00000, 0x0000000800000000)
  eden space 1121280K, 0% used [0x00000007aab00000,0x00000007aab00000,0x00000007ef200000)
  from space 135168K, 17% used [0x00000007ef200000,0x00000007f093d238,0x00000007f7600000)
  to   space 135680K, 0% used [0x00000007f7680000,0x00000007f7680000,0x00000007ffb00000)
 ParOldGen       total 622592K, used 493531K [0x0000000700000000, 0x0000000726000000, 0x00000007aab00000)
  object space 622592K, 79% used [0x0000000700000000,0x000000071e1f6f60,0x0000000726000000)
 Metaspace       used 183900K, committed 186624K, reserved 1048576K
  class space    used 24507K, committed 25600K, reserved 851968K
}
Event: 194.704 GC heap before
{Heap before GC invocations=89 (full 8):
 PSYoungGen      total 1256448K, used 1145076K [0x00000007aab00000, 0x00000007ffb00000, 0x0000000800000000)
  eden space 1121280K, 100% used [0x00000007aab00000,0x00000007ef200000,0x00000007ef200000)
  from space 135168K, 17% used [0x00000007ef200000,0x00000007f093d238,0x00000007f7600000)
  to   space 135680K, 0% used [0x00000007f7680000,0x00000007f7680000,0x00000007ffb00000)
 ParOldGen       total 622592K, used 493531K [0x0000000700000000, 0x0000000726000000, 0x00000007aab00000)
  object space 622592K, 79% used [0x0000000700000000,0x000000071e1f6f60,0x0000000726000000)
 Metaspace       used 183923K, committed 186624K, reserved 1048576K
  class space    used 24508K, committed 25600K, reserved 851968K
}
Event: 194.796 GC heap after
{Heap after GC invocations=89 (full 8):
 PSYoungGen      total 1254912K, used 6352K [0x00000007aab00000, 0x0000000800000000, 0x0000000800000000)
  eden space 1119232K, 0% used [0x00000007aab00000,0x00000007aab00000,0x00000007ef000000)
  from space 135680K, 4% used [0x00000007f7680000,0x00000007f7cb4040,0x00000007ffb00000)
  to   space 137728K, 0% used [0x00000007ef000000,0x00000007ef000000,0x00000007f7680000)
 ParOldGen       total 622592K, used 515627K [0x0000000700000000, 0x0000000726000000, 0x00000007aab00000)
  object space 622592K, 82% used [0x0000000700000000,0x000000071f78ac58,0x0000000726000000)
 Metaspace       used 183923K, committed 186624K, reserved 1048576K
  class space    used 24508K, committed 25600K, reserved 851968K
}
Event: 196.580 GC heap before
{Heap before GC invocations=90 (full 8):
 PSYoungGen      total 1254912K, used 1125584K [0x00000007aab00000, 0x0000000800000000, 0x0000000800000000)
  eden space 1119232K, 100% used [0x00000007aab00000,0x00000007ef000000,0x00000007ef000000)
  from space 135680K, 4% used [0x00000007f7680000,0x00000007f7cb4040,0x00000007ffb00000)
  to   space 137728K, 0% used [0x00000007ef000000,0x00000007ef000000,0x00000007f7680000)
 ParOldGen       total 622592K, used 515627K [0x0000000700000000, 0x0000000726000000, 0x00000007aab00000)
  object space 622592K, 82% used [0x0000000700000000,0x000000071f78ac58,0x0000000726000000)
 Metaspace       used 183969K, committed 186624K, reserved 1048576K
  class space    used 24514K, committed 25600K, reserved 851968K
}
Event: 196.602 GC heap after
{Heap after GC invocations=90 (full 8):
 PSYoungGen      total 1256960K, used 11592K [0x00000007aab00000, 0x0000000800000000, 0x0000000800000000)
  eden space 1119232K, 0% used [0x00000007aab00000,0x00000007aab00000,0x00000007ef000000)
  from space 137728K, 8% used [0x00000007ef000000,0x00000007efb522c8,0x00000007f7680000)
  to   space 137216K, 0% used [0x00000007f7a00000,0x00000007f7a00000,0x0000000800000000)
 ParOldGen       total 622592K, used 519424K [0x0000000700000000, 0x0000000726000000, 0x00000007aab00000)
  object space 622592K, 83% used [0x0000000700000000,0x000000071fb40030,0x0000000726000000)
 Metaspace       used 183969K, committed 186624K, reserved 1048576K
  class space    used 24514K, committed 25600K, reserved 851968K
}

